[debug] [2022-12-11T16:20:48.852Z] ----------------------------------------------------------------------
[debug] [2022-12-11T16:20:48.854Z] Command:       /usr/local/bin/firebase /Users/finnchristoffer/.cache/firebase/tools/lib/node_modules/firebase-tools/lib/bin/firebase init storage
[debug] [2022-12-11T16:20:48.854Z] CLI Version:   11.16.1
[debug] [2022-12-11T16:20:48.854Z] Platform:      darwin
[debug] [2022-12-11T16:20:48.854Z] Node Version:  v16.16.0
[debug] [2022-12-11T16:20:48.859Z] Time:          Sun Dec 11 2022 23:20:48 GMT+0700 (Western Indonesia Time)
[debug] [2022-12-11T16:20:48.860Z] ----------------------------------------------------------------------
[debug] 
[debug] [2022-12-11T16:20:48.869Z] >>> [apiv2][query] GET https://firebase-public.firebaseio.com/cli.json [none]
[debug] [2022-12-11T16:20:48.899Z] > command requires scopes: ["email","openid","https://www.googleapis.com/auth/cloudplatformprojects.readonly","https://www.googleapis.com/auth/firebase","https://www.googleapis.com/auth/cloud-platform"]
[debug] [2022-12-11T16:20:48.900Z] > authorizing via signed-in user (dausin2023@gmail.com)
[info] 
     ######## #### ########  ######## ########     ###     ######  ########
     ##        ##  ##     ## ##       ##     ##  ##   ##  ##       ##
     ######    ##  ########  ######   ########  #########  ######  ######
     ##        ##  ##    ##  ##       ##     ## ##     ##       ## ##
     ##       #### ##     ## ######## ########  ##     ##  ######  ########

You're about to initialize a Firebase project in this directory:

  /Users/finnchristoffer/Desktop/Finn's Code File/Portofolio Apps iOS/Udemy Course/TwitterClone_MVVM_UIKitProgrammatically/TwitterClone

[info] 
=== Project Setup
[info] 
[info] First, let's associate this project directory with a Firebase project.
[info] You can create multiple project aliases by running firebase use --add, 
[info] but for now we'll just set up a default project.
[info] 
[debug] [2022-12-11T16:20:49.478Z] <<< [apiv2][status] GET https://firebase-public.firebaseio.com/cli.json 200
[debug] [2022-12-11T16:20:49.484Z] <<< [apiv2][body] GET https://firebase-public.firebaseio.com/cli.json {"cloudBuildErrorAfter":1594252800000,"cloudBuildWarnAfter":1590019200000,"defaultNode10After":1594252800000,"minVersion":"3.0.5","node8DeploysDisabledAfter":1613390400000,"node8RuntimeDisabledAfter":1615809600000,"node8WarnAfter":1600128000000}
[debug] [2022-12-11T16:21:38.262Z] > refreshing access token with scopes: []
[debug] [2022-12-11T16:21:38.267Z] >>> [apiv2][query] POST https://www.googleapis.com/oauth2/v3/token [none]
[debug] [2022-12-11T16:21:38.267Z] >>> [apiv2][body] POST https://www.googleapis.com/oauth2/v3/token [omitted]
[debug] [2022-12-11T16:21:38.407Z] <<< [apiv2][status] POST https://www.googleapis.com/oauth2/v3/token 200
[debug] [2022-12-11T16:21:38.410Z] <<< [apiv2][body] POST https://www.googleapis.com/oauth2/v3/token [omitted]
[debug] [2022-12-11T16:21:38.432Z] >>> [apiv2][query] GET https://firebase.googleapis.com/v1beta1/projects pageSize=100
[debug] [2022-12-11T16:21:39.276Z] <<< [apiv2][status] GET https://firebase.googleapis.com/v1beta1/projects 200
[debug] [2022-12-11T16:21:39.276Z] <<< [apiv2][body] GET https://firebase.googleapis.com/v1beta1/projects [omitted]
[debug] [2022-12-11T16:22:03.366Z] ----------------------------------------------------------------------
[debug] [2022-12-11T16:22:03.367Z] Command:       /usr/local/bin/firebase /Users/finnchristoffer/.cache/firebase/tools/lib/node_modules/firebase-tools/lib/bin/firebase init storage
[debug] [2022-12-11T16:22:03.368Z] CLI Version:   11.16.1
[debug] [2022-12-11T16:22:03.368Z] Platform:      darwin
[debug] [2022-12-11T16:22:03.368Z] Node Version:  v16.16.0
[debug] [2022-12-11T16:22:03.373Z] Time:          Sun Dec 11 2022 23:22:03 GMT+0700 (Western Indonesia Time)
[debug] [2022-12-11T16:22:03.374Z] ----------------------------------------------------------------------
[debug] 
[debug] [2022-12-11T16:22:03.386Z] > command requires scopes: ["email","openid","https://www.googleapis.com/auth/cloudplatformprojects.readonly","https://www.googleapis.com/auth/firebase","https://www.googleapis.com/auth/cloud-platform"]
[debug] [2022-12-11T16:22:03.387Z] > authorizing via signed-in user (dausin2023@gmail.com)
[info] 
     ######## #### ########  ######## ########     ###     ######  ########
     ##        ##  ##     ## ##       ##     ##  ##   ##  ##       ##
     ######    ##  ########  ######   ########  #########  ######  ######
     ##        ##  ##    ##  ##       ##     ## ##     ##       ## ##
     ##       #### ##     ## ######## ########  ##     ##  ######  ########

You're about to initialize a Firebase project in this directory:

  /Users/finnchristoffer/Desktop/Finn's Code File/Portofolio Apps iOS/Udemy Course/TwitterClone_MVVM_UIKitProgrammatically/TwitterClone

[info] 
=== Project Setup
[info] 
[info] First, let's associate this project directory with a Firebase project.
[info] You can create multiple project aliases by running firebase use --add, 
[info] but for now we'll just set up a default project.
[info] 
[info] i  If you want to create a project in a Google Cloud organization or folder, please use "firebase projects:create" instead, and return to this command when you've created the project. 
